c:\users\student\desktop\piraner\prinny\piraner\debug\firstdirectx001.pch
c:\users\student\desktop\piraner\prinny\piraner\debug\vc140.pdb
c:\users\student\desktop\piraner\prinny\piraner\debug\vc140.idb
c:\users\student\desktop\piraner\prinny\piraner\debug\precompile.obj
c:\users\student\desktop\piraner\prinny\piraner\debug\model.obj
c:\users\student\desktop\piraner\prinny\piraner\debug\motion.obj
c:\users\student\desktop\piraner\prinny\piraner\debug\number.obj
c:\users\student\desktop\piraner\prinny\piraner\debug\object.obj
c:\users\student\desktop\piraner\prinny\piraner\debug\object2d.obj
c:\users\student\desktop\piraner\prinny\piraner\debug\object3d.obj
c:\users\student\desktop\piraner\prinny\piraner\debug\objectbillboard.obj
c:\users\student\desktop\piraner\prinny\piraner\debug\objectmesh.obj
c:\users\student\desktop\piraner\prinny\piraner\debug\objectx.obj
c:\users\student\desktop\piraner\prinny\piraner\debug\particle.obj
c:\users\student\desktop\piraner\prinny\piraner\debug\pause.obj
c:\users\student\desktop\piraner\prinny\piraner\debug\player.obj
c:\users\student\desktop\piraner\prinny\piraner\debug\renderer.obj
c:\users\student\desktop\piraner\prinny\piraner\debug\result.obj
c:\users\student\desktop\piraner\prinny\piraner\debug\shadow.obj
c:\users\student\desktop\piraner\prinny\piraner\debug\sound.obj
c:\users\student\desktop\piraner\prinny\piraner\debug\texture.obj
c:\users\student\desktop\piraner\prinny\piraner\debug\title.obj
c:\users\student\desktop\piraner\prinny\piraner\debug\tutorial.obj
c:\users\student\desktop\piraner\prinny\piraner\debug\xfile.obj
c:\users\student\desktop\piraner\prinny\piraner\debug\bg.obj
c:\users\student\desktop\piraner\prinny\piraner\debug\camera.obj
c:\users\student\desktop\piraner\prinny\piraner\debug\debugproc.obj
c:\users\student\desktop\piraner\prinny\piraner\debug\effect.obj
c:\users\student\desktop\piraner\prinny\piraner\debug\enemy.obj
c:\users\student\desktop\piraner\prinny\piraner\debug\fade.obj
c:\users\student\desktop\piraner\prinny\piraner\debug\fileload.obj
c:\users\student\desktop\piraner\prinny\piraner\debug\game.obj
c:\users\student\desktop\piraner\prinny\piraner\debug\input.obj
c:\users\student\desktop\piraner\prinny\piraner\debug\light.obj
c:\users\student\desktop\piraner\prinny\piraner\debug\main.obj
c:\users\student\desktop\piraner\prinny\piraner\debug\manager.obj
c:\users\student\desktop\piraner\prinny\piraner\debug\meshfield.obj
c:\users\student\desktop\piraner\prinny\piraner\debug\meshwall.obj
c:\users\student\desktop\piraner\prinny\piraner\debug\firstdirectx001.ilk
c:\users\student\desktop\piraner\prinny\piraner\debug\firstdirectx001.exe
c:\users\student\desktop\piraner\prinny\piraner\debug\firstdirectx001.pdb
c:\users\student\desktop\piraner\prinny\piraner\debug\block.obj
c:\users\student\desktop\piraner\prinny\piraner\debug\bullet.obj
c:\users\student\desktop\piraner\prinny\piraner\debug\dumpster.obj
c:\users\student\desktop\piraner\prinny\piraner\debug\edit.obj
c:\users\student\desktop\piraner\prinny\piraner\debug\explosion.obj
c:\users\student\desktop\piraner\prinny\piraner\debug\fever.obj
c:\users\student\desktop\piraner\prinny\piraner\debug\gagefull.obj
c:\users\student\desktop\piraner\prinny\piraner\debug\garbage.obj
c:\users\student\desktop\piraner\prinny\piraner\debug\hint.obj
c:\users\student\desktop\piraner\prinny\piraner\debug\item.obj
c:\users\student\desktop\piraner\prinny\piraner\debug\justdust.obj
c:\users\student\desktop\piraner\prinny\piraner\debug\logo.obj
c:\users\student\desktop\piraner\prinny\piraner\debug\pressenter.obj
c:\users\student\desktop\piraner\prinny\piraner\debug\rankin.obj
c:\users\student\desktop\piraner\prinny\piraner\debug\ranking.obj
c:\users\student\desktop\piraner\prinny\piraner\debug\rockon.obj
c:\users\student\desktop\piraner\prinny\piraner\debug\score.obj
c:\users\student\desktop\piraner\prinny\piraner\debug\target.obj
c:\users\student\desktop\piraner\prinny\piraner\debug\time.obj
c:\users\student\desktop\piraner\prinny\piraner\debug\ui.obj
c:\users\student\desktop\piraner\prinny\piraner\debug\uigage.obj
c:\users\student\desktop\piraner\prinny\piraner\debug\uioperation.obj
c:\users\student\desktop\piraner\prinny\piraner\debug\uitarget.obj
c:\users\student\desktop\piraner\prinny\piraner\debug\firstdirectx001.tlog\cl.command.1.tlog
c:\users\student\desktop\piraner\prinny\piraner\debug\firstdirectx001.tlog\cl.read.1.tlog
c:\users\student\desktop\piraner\prinny\piraner\debug\firstdirectx001.tlog\cl.write.1.tlog
c:\users\student\desktop\piraner\prinny\piraner\debug\firstdirectx001.tlog\link.command.1.tlog
c:\users\student\desktop\piraner\prinny\piraner\debug\firstdirectx001.tlog\link.read.1.tlog
c:\users\student\desktop\piraner\prinny\piraner\debug\firstdirectx001.tlog\link.write.1.tlog
